<?xml version="1.0" encoding="UTF-8"?>
<!-- Generated by org.testng.reporters.JUnitReportReporter -->
<testsuite hostname="LATAM-F3VBLG3" failures="0" tests="1" name="com.toyota.gpt.runners.TestRunner" time="18.063" errors="0" timestamp="2025-03-27T13:51:48 COT" skipped="0">
  <testcase classname="com.toyota.gpt.runners.TestRunner" name="runScenario" time="18.063"/>
</testsuite> <!-- com.toyota.gpt.runners.TestRunner -->
